<?xml version="1.0" encoding="UTF-8"?>
<!-- Generated by org.testng.reporters.JUnitReportReporter -->
<testsuite hostname="Oke" failures="0" tests="1" name="testCases.TC_003_VerifyUnsuccessfulSignupWithoutFullName" time="0.844" errors="0" timestamp="2023-08-23T17:47:51 BST" skipped="0">
  <testcase classname="testCases.TC_003_VerifyUnsuccessfulSignupWithoutFullName" name="UnsuccessfulSignupWithoutFullName" time="0.844"/>
  <system-out/>
</testsuite> <!-- testCases.TC_003_VerifyUnsuccessfulSignupWithoutFullName -->
