<?xml version="1.0" encoding="UTF-8"?>
<!-- Generated by org.testng.reporters.JUnitReportReporter -->
<testsuite hostname="Oke" failures="0" tests="1" name="testCases.TC_001_VerifySuccessfulSignUpWithValidCredentials" time="2.495" errors="0" timestamp="2023-08-22T08:37:10 BST" skipped="0">
  <testcase classname="testCases.TC_001_VerifySuccessfulSignUpWithValidCredentials" name="SignupTestWithValidCredentials" time="2.495"/>
  <system-out/>
</testsuite> <!-- testCases.TC_001_VerifySuccessfulSignUpWithValidCredentials -->
