<?xml version="1.0" encoding="UTF-8"?>
<!-- Generated by org.testng.reporters.JUnitReportReporter -->
<testsuite hostname="Oke" failures="0" tests="1" name="testCases.TC_002_VerifyUnsuccessfulSignupWithoutPhoneNumber" time="0.755" errors="0" timestamp="2023-08-23T17:33:05 BST" skipped="0">
  <testcase classname="testCases.TC_002_VerifyUnsuccessfulSignupWithoutPhoneNumber" name="UnsuccessfulSignupWithoutPhoneNumber" time="0.755"/>
  <system-out/>
</testsuite> <!-- testCases.TC_002_VerifyUnsuccessfulSignupWithoutPhoneNumber -->
